<?xml version="1.0" encoding="UTF-8"?>
<!-- Generated by org.testng.reporters.JUnitReportReporter -->
<testsuite hostname="Yaiphaba-PC" name="pack.Google" tests="1" failures="0" timestamp="19 Oct 2016 14:39:24 GMT" time="7.654" errors="0">
  <testcase name="test" time="7.654" classname="pack.Google"/>
</testsuite> <!-- pack.Google -->
