<?xml version="1.0" encoding="UTF-8"?>
<!-- Generated by org.testng.reporters.JUnitReportReporter -->
<testsuite hostname="Yaiphaba-PC" name="pack.Google" tests="1" failures="1" timestamp="19 Oct 2016 15:23:46 GMT" time="46.506" errors="0">
  <testcase name="test" time="46.506" classname="pack.Google">
    <failure type="org.openqa.selenium.WebDriverException" message="Failed to connect to binary FirefoxBinary(C:\Program Files (x86)\Mozilla Firefox\firefox.exe) on port 7055; process output follows: 
te&quot;:2,&quot;seen&quot;:true}
1476890581957	addons.xpi	DEBUG	Updating XPIState for {&quot;id&quot;:&quot;sp@avast.com&quot;,&quot;syncGUID&quot;:&quot;H7Nmieg6sSZO&quot;,&quot;location&quot;:&quot;winreg-app-global&quot;,&quot;version&quot;:&quot;10.3.5.39&quot;,&quot;type&quot;:&quot;extension&quot;,&quot;internalName&quot;:null,&quot;updateURL&quot;:null,&quot;updateKey&quot;:null,&quot;optionsURL&quot;:null,&quot;optionsType&quot;:null,&quot;aboutURL&quot;:null,&quot;icons&quot;:{},&quot;iconURL&quot;:&quot;chrome://sp/content/common/skin/img/logo-safeprice-48.png&quot;,&quot;icon64URL&quot;:null,&quot;defaultLocale&quot;:{&quot;name&quot;:&quot;Avast SafePrice&quot;,&quot;description&quot;:&quot;Safe shopping extension&quot;,&quot;creator&quot;:&quot;AVAST Software&quot;,&quot;homepageURL&quot;:&quot;http://www.avast.com/&quot;},&quot;visible&quot;:true,&quot;active&quot;:false,&quot;userDisabled&quot;:true,&quot;appDisabled&quot;:false,&quot;descriptor&quot;:&quot;C:\\Program Files\\AVAST Software\\Avast\\SafePrice\\FF&quot;,&quot;installDate&quot;:1472631715234,&quot;updateDate&quot;:1472631715234,&quot;applyBackgroundUpdates&quot;:1,&quot;bootstrap&quot;:true,&quot;skinnable&quot;:false,&quot;size&quot;:1877359,&quot;sourceURI&quot;:null,&quot;releaseNotesURI&quot;:null,&quot;softDisabled&quot;:false,&quot;foreignInstall&quot;:true,&quot;hasBinaryComponents&quot;:false,&quot;strictCompatibility&quot;:false,&quot;locales&quot;:[],&quot;targetApplications&quot;:[{&quot;id&quot;:&quot;{ec8030f7-c20a-464f-9b0e-13a3a9e97384}&quot;,&quot;minVersion&quot;:&quot;38.0a1&quot;,&quot;maxVersion&quot;:&quot;43.0&quot;}],&quot;targetPlatforms&quot;:[],&quot;multiprocessCompatible&quot;:false,&quot;signedState&quot;:2,&quot;seen&quot;:true}
1476890581958	DeferredSave.extensions.json	DEBUG	Save changes
1476890581958	addons.xpi	DEBUG	Updating database with changes to installed add-ons
1476890581958	addons.xpi-utils	DEBUG	Updating add-on states
1476890581959	addons.xpi-utils	DEBUG	Writing add-ons list
1476890581963	addons.xpi	DEBUG	Registering manifest for C:\Program Files (x86)\Mozilla Firefox\browser\features\e10srollout@mozilla.org.xpi
1476890581963	addons.xpi	DEBUG	Calling bootstrap method startup on e10srollout@mozilla.org version 1.0
1476890581964	addons.xpi	DEBUG	Registering manifest for C:\Program Files (x86)\Mozilla Firefox\browser\features\firefox@getpocket.com.xpi
1476890581964	addons.xpi	DEBUG	Calling bootstrap method startup on firefox@getpocket.com version 1.0
1476890581965	addons.xpi	DEBUG	Registering manifest for C:\Program Files (x86)\Mozilla Firefox\browser\features\loop@mozilla.org.xpi
1476890581965	addons.xpi	DEBUG	Calling bootstrap method startup on loop@mozilla.org version 1.2.6
1476890581980	addons.manager	DEBUG	Registering shutdown blocker for XPIProvider
1476890581980	addons.manager	DEBUG	Provider finished startup: XPIProvider
1476890581980	addons.manager	DEBUG	Starting provider: LightweightThemeManager
1476890581980	addons.manager	DEBUG	Registering shutdown blocker for LightweightThemeManager
1476890581980	addons.manager	DEBUG	Provider finished startup: LightweightThemeManager
1476890581980	addons.manager	DEBUG	Starting provider: GMPProvider
1476890581984	addons.manager	DEBUG	Registering shutdown blocker for GMPProvider
1476890581984	addons.manager	DEBUG	Provider finished startup: GMPProvider
1476890581984	addons.manager	DEBUG	Starting provider: PluginProvider
1476890581984	addons.manager	DEBUG	Registering shutdown blocker for PluginProvider
1476890581985	addons.manager	DEBUG	Provider finished startup: PluginProvider
1476890581985	addons.manager	DEBUG	Completed startup sequence
1476890583298	DeferredSave.extensions.json	DEBUG	Starting timer
1476890583313	addons.manager	DEBUG	Starting provider: &lt;unnamed-provider&gt;
1476890583313	addons.manager	DEBUG	Registering shutdown blocker for &lt;unnamed-provider&gt;
1476890583313	addons.manager	DEBUG	Provider finished startup: &lt;unnamed-provider&gt;
1476890583334	DeferredSave.extensions.json	DEBUG	Starting write
1476890583403	addons.repository	DEBUG	No addons.json found.
1476890583403	DeferredSave.addons.json	DEBUG	Save changes
1476890583405	DeferredSave.addons.json	DEBUG	Starting timer
1476890583431	addons.manager	DEBUG	Starting provider: PreviousExperimentProvider
1476890583431	addons.manager	DEBUG	Registering shutdown blocker for PreviousExperimentProvider
1476890583431	addons.manager	DEBUG	Provider finished startup: PreviousExperimentProvider
1476890583444	DeferredSave.extensions.json	DEBUG	Write succeeded
1476890583487	DeferredSave.addons.json	DEBUG	Starting write
1476890583509	DeferredSave.addons.json	DEBUG	Write succeeded

Build info: version: &#039;2.47.0&#039;, revision: &#039;0e4837e94b1fad0db93e88cd972ed3e235a22892&#039;, time: &#039;2015-07-29 15:58:41&#039;
System info: host: &#039;Yaiphaba-PC&#039;, ip: &#039;192.168.1.5&#039;, os.name: &#039;Windows 10&#039;, os.arch: &#039;amd64&#039;, os.version: &#039;10.0&#039;, java.version: &#039;1.8.0_77&#039;
Driver info: driver.version: FirefoxDriver">
      <![CDATA[org.openqa.selenium.WebDriverException: Failed to connect to binary FirefoxBinary(C:\Program Files (x86)\Mozilla Firefox\firefox.exe) on port 7055; process output follows: 
te":2,"seen":true}
1476890581957	addons.xpi	DEBUG	Updating XPIState for {"id":"sp@avast.com","syncGUID":"H7Nmieg6sSZO","location":"winreg-app-global","version":"10.3.5.39","type":"extension","internalName":null,"updateURL":null,"updateKey":null,"optionsURL":null,"optionsType":null,"aboutURL":null,"icons":{},"iconURL":"chrome://sp/content/common/skin/img/logo-safeprice-48.png","icon64URL":null,"defaultLocale":{"name":"Avast SafePrice","description":"Safe shopping extension","creator":"AVAST Software","homepageURL":"http://www.avast.com/"},"visible":true,"active":false,"userDisabled":true,"appDisabled":false,"descriptor":"C:\\Program Files\\AVAST Software\\Avast\\SafePrice\\FF","installDate":1472631715234,"updateDate":1472631715234,"applyBackgroundUpdates":1,"bootstrap":true,"skinnable":false,"size":1877359,"sourceURI":null,"releaseNotesURI":null,"softDisabled":false,"foreignInstall":true,"hasBinaryComponents":false,"strictCompatibility":false,"locales":[],"targetApplications":[{"id":"{ec8030f7-c20a-464f-9b0e-13a3a9e97384}","minVersion":"38.0a1","maxVersion":"43.0"}],"targetPlatforms":[],"multiprocessCompatible":false,"signedState":2,"seen":true}
1476890581958	DeferredSave.extensions.json	DEBUG	Save changes
1476890581958	addons.xpi	DEBUG	Updating database with changes to installed add-ons
1476890581958	addons.xpi-utils	DEBUG	Updating add-on states
1476890581959	addons.xpi-utils	DEBUG	Writing add-ons list
1476890581963	addons.xpi	DEBUG	Registering manifest for C:\Program Files (x86)\Mozilla Firefox\browser\features\e10srollout@mozilla.org.xpi
1476890581963	addons.xpi	DEBUG	Calling bootstrap method startup on e10srollout@mozilla.org version 1.0
1476890581964	addons.xpi	DEBUG	Registering manifest for C:\Program Files (x86)\Mozilla Firefox\browser\features\firefox@getpocket.com.xpi
1476890581964	addons.xpi	DEBUG	Calling bootstrap method startup on firefox@getpocket.com version 1.0
1476890581965	addons.xpi	DEBUG	Registering manifest for C:\Program Files (x86)\Mozilla Firefox\browser\features\loop@mozilla.org.xpi
1476890581965	addons.xpi	DEBUG	Calling bootstrap method startup on loop@mozilla.org version 1.2.6
1476890581980	addons.manager	DEBUG	Registering shutdown blocker for XPIProvider
1476890581980	addons.manager	DEBUG	Provider finished startup: XPIProvider
1476890581980	addons.manager	DEBUG	Starting provider: LightweightThemeManager
1476890581980	addons.manager	DEBUG	Registering shutdown blocker for LightweightThemeManager
1476890581980	addons.manager	DEBUG	Provider finished startup: LightweightThemeManager
1476890581980	addons.manager	DEBUG	Starting provider: GMPProvider
1476890581984	addons.manager	DEBUG	Registering shutdown blocker for GMPProvider
1476890581984	addons.manager	DEBUG	Provider finished startup: GMPProvider
1476890581984	addons.manager	DEBUG	Starting provider: PluginProvider
1476890581984	addons.manager	DEBUG	Registering shutdown blocker for PluginProvider
1476890581985	addons.manager	DEBUG	Provider finished startup: PluginProvider
1476890581985	addons.manager	DEBUG	Completed startup sequence
1476890583298	DeferredSave.extensions.json	DEBUG	Starting timer
1476890583313	addons.manager	DEBUG	Starting provider: <unnamed-provider>
1476890583313	addons.manager	DEBUG	Registering shutdown blocker for <unnamed-provider>
1476890583313	addons.manager	DEBUG	Provider finished startup: <unnamed-provider>
1476890583334	DeferredSave.extensions.json	DEBUG	Starting write
1476890583403	addons.repository	DEBUG	No addons.json found.
1476890583403	DeferredSave.addons.json	DEBUG	Save changes
1476890583405	DeferredSave.addons.json	DEBUG	Starting timer
1476890583431	addons.manager	DEBUG	Starting provider: PreviousExperimentProvider
1476890583431	addons.manager	DEBUG	Registering shutdown blocker for PreviousExperimentProvider
1476890583431	addons.manager	DEBUG	Provider finished startup: PreviousExperimentProvider
1476890583444	DeferredSave.extensions.json	DEBUG	Write succeeded
1476890583487	DeferredSave.addons.json	DEBUG	Starting write
1476890583509	DeferredSave.addons.json	DEBUG	Write succeeded

Build info: version: '2.47.0', revision: '0e4837e94b1fad0db93e88cd972ed3e235a22892', time: '2015-07-29 15:58:41'
System info: host: 'Yaiphaba-PC', ip: '192.168.1.5', os.name: 'Windows 10', os.arch: 'amd64', os.version: '10.0', java.version: '1.8.0_77'
Driver info: driver.version: FirefoxDriver
	at org.openqa.selenium.firefox.internal.NewProfileExtensionConnection.start(NewProfileExtensionConnection.java:134)
	at org.openqa.selenium.firefox.FirefoxDriver.startClient(FirefoxDriver.java:276)
	at org.openqa.selenium.remote.RemoteWebDriver.<init>(RemoteWebDriver.java:116)
	at org.openqa.selenium.firefox.FirefoxDriver.<init>(FirefoxDriver.java:221)
	at org.openqa.selenium.firefox.FirefoxDriver.<init>(FirefoxDriver.java:216)
	at org.openqa.selenium.firefox.FirefoxDriver.<init>(FirefoxDriver.java:212)
	at org.openqa.selenium.firefox.FirefoxDriver.<init>(FirefoxDriver.java:125)
	at pack.Google.test(Unknown Source)
	at sun.reflect.NativeMethodAccessorImpl.invoke0(Native Method)
	at sun.reflect.NativeMethodAccessorImpl.invoke(NativeMethodAccessorImpl.java:62)
	at sun.reflect.DelegatingMethodAccessorImpl.invoke(DelegatingMethodAccessorImpl.java:43)
	at java.lang.reflect.Method.invoke(Method.java:498)
	at org.testng.internal.MethodInvocationHelper.invokeMethod(MethodInvocationHelper.java:80)
	at org.testng.internal.Invoker.invokeMethod(Invoker.java:714)
	at org.testng.internal.Invoker.invokeTestMethod(Invoker.java:901)
	at org.testng.internal.Invoker.invokeTestMethods(Invoker.java:1231)
	at org.testng.internal.TestMethodWorker.invokeTestMethods(TestMethodWorker.java:127)
	at org.testng.internal.TestMethodWorker.run(TestMethodWorker.java:111)
	at org.testng.TestRunner.privateRun(TestRunner.java:767)
	at org.testng.TestRunner.run(TestRunner.java:617)
	at org.testng.SuiteRunner.runTest(SuiteRunner.java:334)
	at org.testng.SuiteRunner.runSequentially(SuiteRunner.java:329)
	at org.testng.SuiteRunner.privateRun(SuiteRunner.java:291)
	at org.testng.SuiteRunner.run(SuiteRunner.java:240)
	at org.testng.SuiteRunnerWorker.runSuite(SuiteRunnerWorker.java:52)
	at org.testng.SuiteRunnerWorker.run(SuiteRunnerWorker.java:86)
	at org.testng.TestNG.runSuitesSequentially(TestNG.java:1198)
	at org.testng.TestNG.runSuitesLocally(TestNG.java:1123)
	at org.testng.TestNG.run(TestNG.java:1031)
	at org.testng.TestNG.privateMain(TestNG.java:1338)
	at org.testng.TestNG.main(TestNG.java:1307)
Caused by: org.openqa.selenium.firefox.NotConnectedException: Unable to connect to host 127.0.0.1 on port 7055 after 45000 ms. Firefox console output:
te":2,"seen":true}
1476890581957	addons.xpi	DEBUG	Updating XPIState for {"id":"sp@avast.com","syncGUID":"H7Nmieg6sSZO","location":"winreg-app-global","version":"10.3.5.39","type":"extension","internalName":null,"updateURL":null,"updateKey":null,"optionsURL":null,"optionsType":null,"aboutURL":null,"icons":{},"iconURL":"chrome://sp/content/common/skin/img/logo-safeprice-48.png","icon64URL":null,"defaultLocale":{"name":"Avast SafePrice","description":"Safe shopping extension","creator":"AVAST Software","homepageURL":"http://www.avast.com/"},"visible":true,"active":false,"userDisabled":true,"appDisabled":false,"descriptor":"C:\\Program Files\\AVAST Software\\Avast\\SafePrice\\FF","installDate":1472631715234,"updateDate":1472631715234,"applyBackgroundUpdates":1,"bootstrap":true,"skinnable":false,"size":1877359,"sourceURI":null,"releaseNotesURI":null,"softDisabled":false,"foreignInstall":true,"hasBinaryComponents":false,"strictCompatibility":false,"locales":[],"targetApplications":[{"id":"{ec8030f7-c20a-464f-9b0e-13a3a9e97384}","minVersion":"38.0a1","maxVersion":"43.0"}],"targetPlatforms":[],"multiprocessCompatible":false,"signedState":2,"seen":true}
1476890581958	DeferredSave.extensions.json	DEBUG	Save changes
1476890581958	addons.xpi	DEBUG	Updating database with changes to installed add-ons
1476890581958	addons.xpi-utils	DEBUG	Updating add-on states
1476890581959	addons.xpi-utils	DEBUG	Writing add-ons list
1476890581963	addons.xpi	DEBUG	Registering manifest for C:\Program Files (x86)\Mozilla Firefox\browser\features\e10srollout@mozilla.org.xpi
1476890581963	addons.xpi	DEBUG	Calling bootstrap method startup on e10srollout@mozilla.org version 1.0
1476890581964	addons.xpi	DEBUG	Registering manifest for C:\Program Files (x86)\Mozilla Firefox\browser\features\firefox@getpocket.com.xpi
1476890581964	addons.xpi	DEBUG	Calling bootstrap method startup on firefox@getpocket.com version 1.0
1476890581965	addons.xpi	DEBUG	Registering manifest for C:\Program Files (x86)\Mozilla Firefox\browser\features\loop@mozilla.org.xpi
1476890581965	addons.xpi	DEBUG	Calling bootstrap method startup on loop@mozilla.org version 1.2.6
1476890581980	addons.manager	DEBUG	Registering shutdown blocker for XPIProvider
1476890581980	addons.manager	DEBUG	Provider finished startup: XPIProvider
1476890581980	addons.manager	DEBUG	Starting provider: LightweightThemeManager
1476890581980	addons.manager	DEBUG	Registering shutdown blocker for LightweightThemeManager
1476890581980	addons.manager	DEBUG	Provider finished startup: LightweightThemeManager
1476890581980	addons.manager	DEBUG	Starting provider: GMPProvider
1476890581984	addons.manager	DEBUG	Registering shutdown blocker for GMPProvider
1476890581984	addons.manager	DEBUG	Provider finished startup: GMPProvider
1476890581984	addons.manager	DEBUG	Starting provider: PluginProvider
1476890581984	addons.manager	DEBUG	Registering shutdown blocker for PluginProvider
1476890581985	addons.manager	DEBUG	Provider finished startup: PluginProvider
1476890581985	addons.manager	DEBUG	Completed startup sequence
1476890583298	DeferredSave.extensions.json	DEBUG	Starting timer
1476890583313	addons.manager	DEBUG	Starting provider: <unnamed-provider>
1476890583313	addons.manager	DEBUG	Registering shutdown blocker for <unnamed-provider>
1476890583313	addons.manager	DEBUG	Provider finished startup: <unnamed-provider>
1476890583334	DeferredSave.extensions.json	DEBUG	Starting write
1476890583403	addons.repository	DEBUG	No addons.json found.
1476890583403	DeferredSave.addons.json	DEBUG	Save changes
1476890583405	DeferredSave.addons.json	DEBUG	Starting timer
1476890583431	addons.manager	DEBUG	Starting provider: PreviousExperimentProvider
1476890583431	addons.manager	DEBUG	Registering shutdown blocker for PreviousExperimentProvider
1476890583431	addons.manager	DEBUG	Provider finished startup: PreviousExperimentProvider
1476890583444	DeferredSave.extensions.json	DEBUG	Write succeeded
1476890583487	DeferredSave.addons.json	DEBUG	Starting write
1476890583509	DeferredSave.addons.json	DEBUG	Write succeeded

	at org.openqa.selenium.firefox.internal.NewProfileExtensionConnection.start(NewProfileExtensionConnection.java:122)
	... 30 more
]]>
    </failure>
  </testcase> <!-- test -->
</testsuite> <!-- pack.Google -->
